{
  "RSpec": {
    "coverage": {
      "/Users/aracelivaldovinos/Desktop/parks_lookup/spec/models/birds_spec.rb": {
        "lines": [
          1,
          null,
          1,
          2,
          2,
          2,
          2,
          null
        ]
      },
      "/Users/aracelivaldovinos/Desktop/parks_lookup/spec/rails_helper.rb": {
        "lines": [
          null,
          1,
          1,
          1,
          null,
          1,
          1,
          1,
          null,
          null,
          null,
          null,
          null,
          null,
          null,
          null,
          null,
          null,
          null,
          null,
          null,
          null,
          null,
          null,
          null,
          null,
          null,
          null,
          1,
          null,
          0,
          0,
          null,
          1,
          null,
          1,
          null,
          null,
          null,
          null,
          1,
          null,
          null,
          null,
          null,
          null,
          null,
          null,
          null,
          null,
          null,
          null,
          null,
          null,
          null,
          null,
          null,
          null,
          1,
          null,
          null,
          1,
          null,
          null,
          null,
          1,
          1,
          1,
          1,
          null,
          null
        ]
      },
      "/Users/aracelivaldovinos/Desktop/parks_lookup/config/environment.rb": {
        "lines": [
          null,
          1,
          null,
          null,
          1
        ]
      },
      "/Users/aracelivaldovinos/Desktop/parks_lookup/config/application.rb": {
        "lines": [
          1,
          null,
          1,
          null,
          1,
          1,
          1,
          1,
          1,
          1,
          1,
          1,
          null,
          null,
          null,
          null,
          null,
          1,
          null,
          1,
          1,
          null,
          1,
          null,
          null,
          null,
          null,
          null,
          null,
          null,
          null,
          null,
          1,
          null,
          null
        ]
      },
      "/Users/aracelivaldovinos/Desktop/parks_lookup/config/boot.rb": {
        "lines": [
          1,
          null,
          1,
          1
        ]
      },
      "/Users/aracelivaldovinos/Desktop/parks_lookup/config/environments/test.rb": {
        "lines": [
          1,
          null,
          null,
          null,
          null,
          null,
          null,
          1,
          null,
          null,
          null,
          null,
          1,
          null,
          null,
          1,
          1,
          null,
          null,
          null,
          null,
          1,
          1,
          null,
          null,
          1,
          null,
          null,
          1,
          null,
          null,
          1,
          null,
          1,
          null,
          null,
          null,
          null,
          1,
          null,
          null,
          1,
          null,
          null,
          null,
          null
        ]
      },
      "/Users/aracelivaldovinos/Desktop/parks_lookup/config/initializers/application_controller_renderer.rb": {
        "lines": [
          null,
          null,
          null,
          null,
          null,
          null,
          null,
          null
        ]
      },
      "/Users/aracelivaldovinos/Desktop/parks_lookup/config/initializers/backtrace_silencers.rb": {
        "lines": [
          null,
          null,
          null,
          null,
          null,
          null,
          null
        ]
      },
      "/Users/aracelivaldovinos/Desktop/parks_lookup/config/initializers/cors.rb": {
        "lines": [
          null,
          null,
          null,
          null,
          null,
          null,
          null,
          null,
          null,
          null,
          null,
          null,
          null,
          null,
          null,
          null
        ]
      },
      "/Users/aracelivaldovinos/Desktop/parks_lookup/config/initializers/filter_parameter_logging.rb": {
        "lines": [
          null,
          null,
          null,
          1
        ]
      },
      "/Users/aracelivaldovinos/Desktop/parks_lookup/config/initializers/inflections.rb": {
        "lines": [
          null,
          null,
          null,
          null,
          null,
          null,
          null,
          null,
          null,
          null,
          null,
          null,
          null,
          null,
          null,
          null
        ]
      },
      "/Users/aracelivaldovinos/Desktop/parks_lookup/config/initializers/kaminari_config.rb": {
        "lines": [
          null,
          null,
          1,
          1,
          null,
          null,
          null,
          null,
          null,
          null,
          null,
          null,
          null,
          null
        ]
      },
      "/Users/aracelivaldovinos/Desktop/parks_lookup/config/initializers/mime_types.rb": {
        "lines": [
          null,
          null,
          null,
          null
        ]
      },
      "/Users/aracelivaldovinos/Desktop/parks_lookup/config/initializers/wrap_parameters.rb": {
        "lines": [
          null,
          null,
          null,
          null,
          null,
          null,
          1,
          2,
          null,
          null,
          null,
          null,
          null,
          null
        ]
      },
      "/Users/aracelivaldovinos/Desktop/parks_lookup/app/channels/application_cable/channel.rb": {
        "lines": [
          1,
          1,
          null,
          null
        ]
      },
      "/Users/aracelivaldovinos/Desktop/parks_lookup/app/channels/application_cable/connection.rb": {
        "lines": [
          1,
          1,
          null,
          null
        ]
      },
      "/Users/aracelivaldovinos/Desktop/parks_lookup/app/controllers/application_controller.rb": {
        "lines": [
          1,
          1,
          1,
          2,
          null,
          null,
          1,
          8,
          null,
          null
        ]
      },
      "/Users/aracelivaldovinos/Desktop/parks_lookup/app/controllers/concerns/response.rb": {
        "lines": [
          1,
          1,
          38,
          null,
          null
        ]
      },
      "/Users/aracelivaldovinos/Desktop/parks_lookup/app/controllers/birds_controller.rb": {
        "lines": [
          1,
          1,
          4,
          4,
          null,
          null,
          1,
          6,
          5,
          null,
          null,
          1,
          7,
          5,
          null,
          null,
          1,
          4,
          4,
          2,
          null,
          null,
          null,
          null,
          null,
          1,
          1,
          1,
          1,
          null,
          null,
          null,
          null,
          null,
          1,
          11,
          null,
          null,
          null,
          null
        ]
      },
      "/Users/aracelivaldovinos/Desktop/parks_lookup/app/controllers/parks_controller.rb": {
        "lines": [
          1,
          1,
          4,
          null,
          4,
          null,
          null,
          1,
          6,
          5,
          null,
          null,
          1,
          7,
          5,
          null,
          null,
          1,
          4,
          4,
          2,
          null,
          null,
          null,
          null,
          null,
          1,
          1,
          1,
          1,
          null,
          null,
          null,
          null,
          null,
          null,
          1,
          11,
          null,
          null
        ]
      },
      "/Users/aracelivaldovinos/Desktop/parks_lookup/app/jobs/application_job.rb": {
        "lines": [
          1,
          null
        ]
      },
      "/Users/aracelivaldovinos/Desktop/parks_lookup/app/mailers/application_mailer.rb": {
        "lines": [
          1,
          1,
          1,
          null
        ]
      },
      "/Users/aracelivaldovinos/Desktop/parks_lookup/app/models/application_record.rb": {
        "lines": [
          1,
          1,
          null
        ]
      },
      "/Users/aracelivaldovinos/Desktop/parks_lookup/app/models/bird.rb": {
        "lines": [
          1,
          1,
          1,
          1,
          1,
          null
        ]
      },
      "/Users/aracelivaldovinos/Desktop/parks_lookup/app/models/park.rb": {
        "lines": [
          1,
          1,
          1,
          1,
          1,
          null
        ]
      },
      "/Users/aracelivaldovinos/Desktop/parks_lookup/spec/factories.rb": {
        "lines": [
          1,
          1,
          47,
          47,
          47,
          47,
          null,
          1,
          47,
          47,
          47,
          47,
          null,
          null
        ]
      },
      "/Users/aracelivaldovinos/Desktop/parks_lookup/config/routes.rb": {
        "lines": [
          1,
          null,
          1,
          1,
          null
        ]
      },
      "/Users/aracelivaldovinos/Desktop/parks_lookup/spec/models/parks_spec.rb": {
        "lines": [
          1,
          null,
          1,
          2,
          2,
          2,
          2,
          null
        ]
      },
      "/Users/aracelivaldovinos/Desktop/parks_lookup/spec/requests/delete_birds_spec.rb": {
        "lines": [
          1,
          1,
          1,
          null,
          2,
          1,
          1,
          null,
          null
        ]
      },
      "/Users/aracelivaldovinos/Desktop/parks_lookup/spec/requests/delete_parks_spec.rb": {
        "lines": [
          1,
          1,
          1,
          null,
          2,
          1,
          1,
          null,
          null
        ]
      },
      "/Users/aracelivaldovinos/Desktop/parks_lookup/spec/requests/get_birds_spec.rb": {
        "lines": [
          1,
          null,
          1,
          3,
          null,
          3,
          null,
          1,
          1,
          null,
          null,
          1,
          1,
          null,
          null,
          null,
          1,
          1,
          5,
          null,
          6,
          1,
          1,
          null,
          null,
          1,
          1,
          null,
          null,
          1,
          1,
          null,
          null,
          1,
          1,
          null,
          1,
          1,
          null,
          null,
          null,
          null,
          1,
          3,
          null,
          3,
          null,
          1,
          1,
          null,
          null,
          1,
          1,
          null,
          null,
          null,
          1,
          1,
          1,
          null,
          2,
          1,
          1,
          null,
          null,
          null
        ]
      },
      "/Users/aracelivaldovinos/Desktop/parks_lookup/spec/requests/get_parks_spec.rb": {
        "lines": [
          1,
          null,
          1,
          3,
          null,
          3,
          null,
          1,
          1,
          null,
          null,
          1,
          1,
          null,
          null,
          null,
          1,
          1,
          5,
          null,
          6,
          1,
          1,
          null,
          null,
          1,
          1,
          null,
          null,
          1,
          1,
          null,
          null,
          1,
          1,
          null,
          1,
          1,
          null,
          null,
          null,
          1,
          3,
          null,
          3,
          null,
          1,
          1,
          null,
          null,
          1,
          1,
          null,
          null,
          null,
          1,
          1,
          1,
          null,
          2,
          1,
          1,
          null,
          null
        ]
      },
      "/Users/aracelivaldovinos/Desktop/parks_lookup/spec/requests/patch_birds_spec.rb": {
        "lines": [
          1,
          null,
          1,
          1,
          2,
          null,
          3,
          1,
          1,
          null,
          1,
          1,
          null,
          null,
          null,
          1,
          1,
          2,
          null,
          3,
          1,
          1,
          null,
          1,
          1,
          null,
          null
        ]
      },
      "/Users/aracelivaldovinos/Desktop/parks_lookup/spec/requests/patch_parks_spec.rb": {
        "lines": [
          1,
          null,
          1,
          1,
          2,
          null,
          3,
          1,
          1,
          null,
          1,
          1,
          null,
          null,
          null,
          1,
          1,
          2,
          null,
          3,
          1,
          1,
          null,
          1,
          1,
          null,
          null,
          null,
          null
        ]
      },
      "/Users/aracelivaldovinos/Desktop/parks_lookup/spec/requests/post_birds_spec.rb": {
        "lines": [
          1,
          null,
          1,
          null,
          1,
          5,
          null,
          null,
          1,
          1,
          null,
          null,
          1,
          1,
          null,
          null,
          1,
          1,
          null,
          null,
          1,
          1,
          null,
          null,
          1,
          1,
          null,
          null,
          null,
          1,
          null,
          1,
          2,
          null,
          null,
          1,
          1,
          null,
          1,
          1,
          null,
          null
        ]
      },
      "/Users/aracelivaldovinos/Desktop/parks_lookup/spec/requests/post_parks_spec.rb": {
        "lines": [
          1,
          null,
          1,
          null,
          1,
          5,
          null,
          null,
          1,
          1,
          null,
          null,
          1,
          1,
          null,
          null,
          1,
          1,
          null,
          null,
          1,
          1,
          null,
          null,
          1,
          1,
          null,
          null,
          null,
          1,
          null,
          1,
          2,
          null,
          null,
          1,
          1,
          null,
          1,
          1,
          null,
          null
        ]
      }
    },
    "timestamp": 1629500290
  }
}
